<?xml version="1.0" encoding="UTF-8"?>
<testng-results ignored="0" total="1" passed="1" failed="0" skipped="0">
  <reporter-output>
  </reporter-output>
  <suite started-at="2020-11-03T14:16:13Z" name="Suite" finished-at="2020-11-03T14:16:34Z" duration-ms="21647">
    <groups>
      <group name="cucumber">
        <method signature="AbstractTestNGCucumberTests.feature(cucumber.api.testng.CucumberFeatureWrapper)[pri:0, instance:cucumberOptions.testRunner@2a54a73f]" name="feature" class="cucumber.api.testng.AbstractTestNGCucumberTests"/>
      </group> <!-- cucumber -->
    </groups>
    <test started-at="2020-11-03T14:16:13Z" name="Positive test validating login" finished-at="2020-11-03T14:16:34Z" duration-ms="21647">
      <class name="cucumberOptions.testRunner">
        <test-method is-config="true" signature="setUpClass()[pri:0, instance:cucumberOptions.testRunner@2a54a73f]" started-at="2020-11-03T14:16:13Z" name="setUpClass" finished-at="2020-11-03T14:16:13Z" duration-ms="171" status="PASS">
          <reporter-output>
          </reporter-output>
        </test-method> <!-- setUpClass -->
        <test-method signature="feature(cucumber.api.testng.CucumberFeatureWrapper)[pri:0, instance:cucumberOptions.testRunner@2a54a73f]" started-at="2020-11-03T14:16:13Z" name="feature" description="Runs Cucumber Feature" data-provider="features" finished-at="2020-11-03T14:16:34Z" duration-ms="21404" status="PASS">
          <params>
            <param index="0">
              <value>
                <![CDATA[Application login]]>
              </value>
            </param>
          </params>
          <reporter-output>
          </reporter-output>
        </test-method> <!-- feature -->
        <test-method is-config="true" signature="tearDownClass()[pri:0, instance:cucumberOptions.testRunner@2a54a73f]" started-at="2020-11-03T14:16:34Z" name="tearDownClass" finished-at="2020-11-03T14:16:34Z" duration-ms="2" status="PASS">
          <reporter-output>
          </reporter-output>
        </test-method> <!-- tearDownClass -->
      </class> <!-- cucumberOptions.testRunner -->
    </test> <!-- Positive test validating login -->
  </suite> <!-- Suite -->
</testng-results>
