<?xml version="1.0" encoding="UTF-8"?>
<testng-results ignored="0" total="1" passed="1" failed="0" skipped="0">
  <reporter-output>
  </reporter-output>
  <suite started-at="2020-11-03T19:04:30 IST" name="Default suite" finished-at="2020-11-03T19:04:51 IST" duration-ms="21191">
    <groups>
      <group name="cucumber">
        <method signature="AbstractTestNGCucumberTests.feature(cucumber.api.testng.CucumberFeatureWrapper)[pri:0, instance:cucumberOptions.testRunner@5ace1ed4]" name="feature" class="cucumber.api.testng.AbstractTestNGCucumberTests"/>
      </group> <!-- cucumber -->
    </groups>
    <test started-at="2020-11-03T19:04:30 IST" name="Default test" finished-at="2020-11-03T19:04:51 IST" duration-ms="21191">
      <class name="cucumberOptions.testRunner">
        <test-method is-config="true" signature="setUpClass()[pri:0, instance:cucumberOptions.testRunner@5ace1ed4]" started-at="2020-11-03T19:04:30 IST" name="setUpClass" finished-at="2020-11-03T19:04:30 IST" duration-ms="140" status="PASS">
          <reporter-output>
          </reporter-output>
        </test-method> <!-- setUpClass -->
        <test-method signature="feature(cucumber.api.testng.CucumberFeatureWrapper)[pri:0, instance:cucumberOptions.testRunner@5ace1ed4]" started-at="2020-11-03T19:04:30 IST" name="feature" description="Runs Cucumber Feature" data-provider="features" finished-at="2020-11-03T19:04:51 IST" duration-ms="20972" status="PASS">
          <params>
            <param index="0">
              <value>
                <![CDATA[Application login]]>
              </value>
            </param>
          </params>
          <reporter-output>
          </reporter-output>
        </test-method> <!-- feature -->
        <test-method is-config="true" signature="tearDownClass()[pri:0, instance:cucumberOptions.testRunner@5ace1ed4]" started-at="2020-11-03T19:04:51 IST" name="tearDownClass" finished-at="2020-11-03T19:04:51 IST" duration-ms="4" status="PASS">
          <reporter-output>
          </reporter-output>
        </test-method> <!-- tearDownClass -->
      </class> <!-- cucumberOptions.testRunner -->
    </test> <!-- Default test -->
  </suite> <!-- Default suite -->
</testng-results>
